[2025-04-28 09:54:40] local.ERROR: SQLSTATE[42000]: Syntax error or access violation: 1075 Incorrect table definition; there can be only one auto column and it must be defined as a key (Connection: mysql, SQL: create table `Form` (`id` bigint unsigned not null auto_increment primary key, `select_campus` varchar(255) not null, `admission_applying_for` varchar(255) not null, `program_applying_for` varchar(255) not null, `select_shift` varchar(255) not null, `are_you_iu_graduate` tinyint(1) not null default '0', `are_you_disabled` tinyint(1) not null default '0', `re_admission` tinyint(1) not null default '0', `applying_for_program_transfer_migration` tinyint(1) not null default '0', `user_profile_pic` varchar(255) not null, `first_name` varchar(255) not null, `last_name` varchar(255) not null, `nationality` varchar(255) not null, `provicne` varchar(255) not null, `domicile` varchar(255) not null, `cnic` int not null auto_increment primary key, `date_of_birth` date not null, `gender` varchar(255) not null, `religion` varchar(255) not null, `blood_group` varchar(255) not null, `last_institute_attended` varchar(255) not null, `how_do_tou_known_about_us` varchar(255) not null, `father_name` varchar(255) not null, `father_status` varchar(255) not null, `father_cnic` int not null auto_increment primary key, `father_cell` int not null, `father_education` varchar(255) not null, `father_profession` varchar(255) not null, `mother_name` varchar(255) not null, `mother_status` varchar(255) not null, `mother_cnic` int not null auto_increment primary key, `mother_cell` int not null, `mother_education` varchar(255) not null, `mother_prodfession` varchar(255) not null, `sibiling_brother` varchar(255) not null, `sibiling_sister` varchar(255) not null, `email_address` varchar(255) not null, `phone_no` int not null auto_increment primary key, `mobile_no` int not null auto_increment primary key, `current_country` varchar(255) not null, `current_city` varchar(255) not null, `current_address` varchar(255) not null, `current_area` varchar(255) not null, `current_zip` int not null, `is_ame_address` tinyint(1) not null default '0', `permeneant_country` varchar(255) not null, `permeneant_city` varchar(255) not null, `permeneant_address` varchar(255) not null, `permeneant_area` varchar(255) not null, `permeneant_zip` int not null, `degree_level` varchar(255) not null, `degree` varchar(255) not null, `specializations` varchar(255) not null, `select_passing_year` varchar(255) not null, `select_result_status` varchar(255) not null, `total_marks` int not null, `obtained_marks` int not null, `percentage` float(5) not null, `institute` varchar(255) not null, `board_roll_no` int not null auto_increment primary key, `board_name` varchar(255) not null, `degree_documnet_file` varchar(255) not null, `created_at` timestamp null, `updated_at` timestamp null) default character set utf8mb4 collate 'utf8mb4_unicode_ci') {"exception":"[object] (Illuminate\\Database\\QueryException(code: 42000): SQLSTATE[42000]: Syntax error or access violation: 1075 Incorrect table definition; there can be only one auto column and it must be defined as a key (Connection: mysql, SQL: create table `Form` (`id` bigint unsigned not null auto_increment primary key, `select_campus` varchar(255) not null, `admission_applying_for` varchar(255) not null, `program_applying_for` varchar(255) not null, `select_shift` varchar(255) not null, `are_you_iu_graduate` tinyint(1) not null default '0', `are_you_disabled` tinyint(1) not null default '0', `re_admission` tinyint(1) not null default '0', `applying_for_program_transfer_migration` tinyint(1) not null default '0', `user_profile_pic` varchar(255) not null, `first_name` varchar(255) not null, `last_name` varchar(255) not null, `nationality` varchar(255) not null, `provicne` varchar(255) not null, `domicile` varchar(255) not null, `cnic` int not null auto_increment primary key, `date_of_birth` date not null, `gender` varchar(255) not null, `religion` varchar(255) not null, `blood_group` varchar(255) not null, `last_institute_attended` varchar(255) not null, `how_do_tou_known_about_us` varchar(255) not null, `father_name` varchar(255) not null, `father_status` varchar(255) not null, `father_cnic` int not null auto_increment primary key, `father_cell` int not null, `father_education` varchar(255) not null, `father_profession` varchar(255) not null, `mother_name` varchar(255) not null, `mother_status` varchar(255) not null, `mother_cnic` int not null auto_increment primary key, `mother_cell` int not null, `mother_education` varchar(255) not null, `mother_prodfession` varchar(255) not null, `sibiling_brother` varchar(255) not null, `sibiling_sister` varchar(255) not null, `email_address` varchar(255) not null, `phone_no` int not null auto_increment primary key, `mobile_no` int not null auto_increment primary key, `current_country` varchar(255) not null, `current_city` varchar(255) not null, `current_address` varchar(255) not null, `current_area` varchar(255) not null, `current_zip` int not null, `is_ame_address` tinyint(1) not null default '0', `permeneant_country` varchar(255) not null, `permeneant_city` varchar(255) not null, `permeneant_address` varchar(255) not null, `permeneant_area` varchar(255) not null, `permeneant_zip` int not null, `degree_level` varchar(255) not null, `degree` varchar(255) not null, `specializations` varchar(255) not null, `select_passing_year` varchar(255) not null, `select_result_status` varchar(255) not null, `total_marks` int not null, `obtained_marks` int not null, `percentage` float(5) not null, `institute` varchar(255) not null, `board_roll_no` int not null auto_increment primary key, `board_name` varchar(255) not null, `degree_documnet_file` varchar(255) not null, `created_at` timestamp null, `updated_at` timestamp null) default character set utf8mb4 collate 'utf8mb4_unicode_ci') at C:\\xampp\\htdocs\\iq-curd\\crudiq\\vendor\\laravel\\framework\\src\\Illuminate\\Database\\Connection.php:822)
[stacktrace]
#0 C:\\xampp\\htdocs\\iq-curd\\crudiq\\vendor\\laravel\\framework\\src\\Illuminate\\Database\\Connection.php(776): Illuminate\\Database\\Connection->runQueryCallback('create table `F...', Array, Object(Closure))
#1 C:\\xampp\\htdocs\\iq-curd\\crudiq\\vendor\\laravel\\framework\\src\\Illuminate\\Database\\Connection.php(557): Illuminate\\Database\\Connection->run('create table `F...', Array, Object(Closure))
#2 C:\\xampp\\htdocs\\iq-curd\\crudiq\\vendor\\laravel\\framework\\src\\Illuminate\\Database\\Schema\\Blueprint.php(119): Illuminate\\Database\\Connection->statement('create table `F...')
#3 C:\\xampp\\htdocs\\iq-curd\\crudiq\\vendor\\laravel\\framework\\src\\Illuminate\\Database\\Schema\\Builder.php(618): Illuminate\\Database\\Schema\\Blueprint->build()
#4 C:\\xampp\\htdocs\\iq-curd\\crudiq\\vendor\\laravel\\framework\\src\\Illuminate\\Database\\Schema\\Builder.php(472): Illuminate\\Database\\Schema\\Builder->build(Object(Illuminate\\Database\\Schema\\Blueprint))
#5 C:\\xampp\\htdocs\\iq-curd\\crudiq\\vendor\\laravel\\framework\\src\\Illuminate\\Support\\Facades\\Facade.php(361): Illuminate\\Database\\Schema\\Builder->create('Form', Object(Closure))
#6 C:\\xampp\\htdocs\\iq-curd\\crudiq\\database\\migrations\\2025_04_28_072342_create_iqform_table.php(14): Illuminate\\Support\\Facades\\Facade::__callStatic('create', Array)
#7 C:\\xampp\\htdocs\\iq-curd\\crudiq\\vendor\\laravel\\framework\\src\\Illuminate\\Database\\Migrations\\Migrator.php(514): Illuminate\\Database\\Migrations\\Migration@anonymous->up()
#8 C:\\xampp\\htdocs\\iq-curd\\crudiq\\vendor\\laravel\\framework\\src\\Illuminate\\Database\\Migrations\\Migrator.php(439): Illuminate\\Database\\Migrations\\Migrator->runMethod(Object(Illuminate\\Database\\MySqlConnection), Object(Illuminate\\Database\\Migrations\\Migration@anonymous), 'up')
#9 C:\\xampp\\htdocs\\iq-curd\\crudiq\\vendor\\laravel\\framework\\src\\Illuminate\\Database\\Migrations\\Migrator.php(448): Illuminate\\Database\\Migrations\\Migrator->Illuminate\\Database\\Migrations\\{closure}()
#10 C:\\xampp\\htdocs\\iq-curd\\crudiq\\vendor\\laravel\\framework\\src\\Illuminate\\Database\\Migrations\\Migrator.php(250): Illuminate\\Database\\Migrations\\Migrator->runMigration(Object(Illuminate\\Database\\Migrations\\Migration@anonymous), 'up')
#11 C:\\xampp\\htdocs\\iq-curd\\crudiq\\vendor\\laravel\\framework\\src\\Illuminate\\Console\\View\\Components\\Task.php(41): Illuminate\\Database\\Migrations\\Migrator->Illuminate\\Database\\Migrations\\{closure}()
#12 C:\\xampp\\htdocs\\iq-curd\\crudiq\\vendor\\laravel\\framework\\src\\Illuminate\\Database\\Migrations\\Migrator.php(805): Illuminate\\Console\\View\\Components\\Task->render('2025_04_28_0723...', Object(Closure))
#13 C:\\xampp\\htdocs\\iq-curd\\crudiq\\vendor\\laravel\\framework\\src\\Illuminate\\Database\\Migrations\\Migrator.php(250): Illuminate\\Database\\Migrations\\Migrator->write('Illuminate\\\\Cons...', '2025_04_28_0723...', Object(Closure))
#14 C:\\xampp\\htdocs\\iq-curd\\crudiq\\vendor\\laravel\\framework\\src\\Illuminate\\Database\\Migrations\\Migrator.php(210): Illuminate\\Database\\Migrations\\Migrator->runUp('C:\\\\xampp\\\\htdocs...', 1, false)
#15 C:\\xampp\\htdocs\\iq-curd\\crudiq\\vendor\\laravel\\framework\\src\\Illuminate\\Database\\Migrations\\Migrator.php(137): Illuminate\\Database\\Migrations\\Migrator->runPending(Array, Array)
#16 C:\\xampp\\htdocs\\iq-curd\\crudiq\\vendor\\laravel\\framework\\src\\Illuminate\\Database\\Console\\Migrations\\MigrateCommand.php(116): Illuminate\\Database\\Migrations\\Migrator->run(Array, Array)
#17 C:\\xampp\\htdocs\\iq-curd\\crudiq\\vendor\\laravel\\framework\\src\\Illuminate\\Database\\Migrations\\Migrator.php(665): Illuminate\\Database\\Console\\Migrations\\MigrateCommand->Illuminate\\Database\\Console\\Migrations\\{closure}()
#18 C:\\xampp\\htdocs\\iq-curd\\crudiq\\vendor\\laravel\\framework\\src\\Illuminate\\Database\\Console\\Migrations\\MigrateCommand.php(109): Illuminate\\Database\\Migrations\\Migrator->usingConnection(NULL, Object(Closure))
#19 C:\\xampp\\htdocs\\iq-curd\\crudiq\\vendor\\laravel\\framework\\src\\Illuminate\\Database\\Console\\Migrations\\MigrateCommand.php(88): Illuminate\\Database\\Console\\Migrations\\MigrateCommand->runMigrations()
#20 C:\\xampp\\htdocs\\iq-curd\\crudiq\\vendor\\laravel\\framework\\src\\Illuminate\\Container\\BoundMethod.php(36): Illuminate\\Database\\Console\\Migrations\\MigrateCommand->handle()
#21 C:\\xampp\\htdocs\\iq-curd\\crudiq\\vendor\\laravel\\framework\\src\\Illuminate\\Container\\Util.php(43): Illuminate\\Container\\BoundMethod::Illuminate\\Container\\{closure}()
#22 C:\\xampp\\htdocs\\iq-curd\\crudiq\\vendor\\laravel\\framework\\src\\Illuminate\\Container\\BoundMethod.php(96): Illuminate\\Container\\Util::unwrapIfClosure(Object(Closure))
#23 C:\\xampp\\htdocs\\iq-curd\\crudiq\\vendor\\laravel\\framework\\src\\Illuminate\\Container\\BoundMethod.php(35): Illuminate\\Container\\BoundMethod::callBoundMethod(Object(Illuminate\\Foundation\\Application), Array, Object(Closure))
#24 C:\\xampp\\htdocs\\iq-curd\\crudiq\\vendor\\laravel\\framework\\src\\Illuminate\\Container\\Container.php(754): Illuminate\\Container\\BoundMethod::call(Object(Illuminate\\Foundation\\Application), Array, Array, NULL)
#25 C:\\xampp\\htdocs\\iq-curd\\crudiq\\vendor\\laravel\\framework\\src\\Illuminate\\Console\\Command.php(211): Illuminate\\Container\\Container->call(Array)
#26 C:\\xampp\\htdocs\\iq-curd\\crudiq\\vendor\\symfony\\console\\Command\\Command.php(279): Illuminate\\Console\\Command->execute(Object(Symfony\\Component\\Console\\Input\\ArgvInput), Object(Illuminate\\Console\\OutputStyle))
#27 C:\\xampp\\htdocs\\iq-curd\\crudiq\\vendor\\laravel\\framework\\src\\Illuminate\\Console\\Command.php(180): Symfony\\Component\\Console\\Command\\Command->run(Object(Symfony\\Component\\Console\\Input\\ArgvInput), Object(Illuminate\\Console\\OutputStyle))
#28 C:\\xampp\\htdocs\\iq-curd\\crudiq\\vendor\\symfony\\console\\Application.php(1094): Illuminate\\Console\\Command->run(Object(Symfony\\Component\\Console\\Input\\ArgvInput), Object(Symfony\\Component\\Console\\Output\\ConsoleOutput))
#29 C:\\xampp\\htdocs\\iq-curd\\crudiq\\vendor\\symfony\\console\\Application.php(342): Symfony\\Component\\Console\\Application->doRunCommand(Object(Illuminate\\Database\\Console\\Migrations\\MigrateCommand), Object(Symfony\\Component\\Console\\Input\\ArgvInput), Object(Symfony\\Component\\Console\\Output\\ConsoleOutput))
#30 C:\\xampp\\htdocs\\iq-curd\\crudiq\\vendor\\symfony\\console\\Application.php(193): Symfony\\Component\\Console\\Application->doRun(Object(Symfony\\Component\\Console\\Input\\ArgvInput), Object(Symfony\\Component\\Console\\Output\\ConsoleOutput))
#31 C:\\xampp\\htdocs\\iq-curd\\crudiq\\vendor\\laravel\\framework\\src\\Illuminate\\Foundation\\Console\\Kernel.php(197): Symfony\\Component\\Console\\Application->run(Object(Symfony\\Component\\Console\\Input\\ArgvInput), Object(Symfony\\Component\\Console\\Output\\ConsoleOutput))
#32 C:\\xampp\\htdocs\\iq-curd\\crudiq\\vendor\\laravel\\framework\\src\\Illuminate\\Foundation\\Application.php(1234): Illuminate\\Foundation\\Console\\Kernel->handle(Object(Symfony\\Component\\Console\\Input\\ArgvInput), Object(Symfony\\Component\\Console\\Output\\ConsoleOutput))
#33 C:\\xampp\\htdocs\\iq-curd\\crudiq\\artisan(16): Illuminate\\Foundation\\Application->handleCommand(Object(Symfony\\Component\\Console\\Input\\ArgvInput))
#34 {main}

[previous exception] [object] (PDOException(code: 42000): SQLSTATE[42000]: Syntax error or access violation: 1075 Incorrect table definition; there can be only one auto column and it must be defined as a key at C:\\xampp\\htdocs\\iq-curd\\crudiq\\vendor\\laravel\\framework\\src\\Illuminate\\Database\\Connection.php:568)
[stacktrace]
#0 C:\\xampp\\htdocs\\iq-curd\\crudiq\\vendor\\laravel\\framework\\src\\Illuminate\\Database\\Connection.php(568): PDOStatement->execute()
#1 C:\\xampp\\htdocs\\iq-curd\\crudiq\\vendor\\laravel\\framework\\src\\Illuminate\\Database\\Connection.php(809): Illuminate\\Database\\Connection->Illuminate\\Database\\{closure}('create table `F...', Array)
#2 C:\\xampp\\htdocs\\iq-curd\\crudiq\\vendor\\laravel\\framework\\src\\Illuminate\\Database\\Connection.php(776): Illuminate\\Database\\Connection->runQueryCallback('create table `F...', Array, Object(Closure))
#3 C:\\xampp\\htdocs\\iq-curd\\crudiq\\vendor\\laravel\\framework\\src\\Illuminate\\Database\\Connection.php(557): Illuminate\\Database\\Connection->run('create table `F...', Array, Object(Closure))
#4 C:\\xampp\\htdocs\\iq-curd\\crudiq\\vendor\\laravel\\framework\\src\\Illuminate\\Database\\Schema\\Blueprint.php(119): Illuminate\\Database\\Connection->statement('create table `F...')
#5 C:\\xampp\\htdocs\\iq-curd\\crudiq\\vendor\\laravel\\framework\\src\\Illuminate\\Database\\Schema\\Builder.php(618): Illuminate\\Database\\Schema\\Blueprint->build()
#6 C:\\xampp\\htdocs\\iq-curd\\crudiq\\vendor\\laravel\\framework\\src\\Illuminate\\Database\\Schema\\Builder.php(472): Illuminate\\Database\\Schema\\Builder->build(Object(Illuminate\\Database\\Schema\\Blueprint))
#7 C:\\xampp\\htdocs\\iq-curd\\crudiq\\vendor\\laravel\\framework\\src\\Illuminate\\Support\\Facades\\Facade.php(361): Illuminate\\Database\\Schema\\Builder->create('Form', Object(Closure))
#8 C:\\xampp\\htdocs\\iq-curd\\crudiq\\database\\migrations\\2025_04_28_072342_create_iqform_table.php(14): Illuminate\\Support\\Facades\\Facade::__callStatic('create', Array)
#9 C:\\xampp\\htdocs\\iq-curd\\crudiq\\vendor\\laravel\\framework\\src\\Illuminate\\Database\\Migrations\\Migrator.php(514): Illuminate\\Database\\Migrations\\Migration@anonymous->up()
#10 C:\\xampp\\htdocs\\iq-curd\\crudiq\\vendor\\laravel\\framework\\src\\Illuminate\\Database\\Migrations\\Migrator.php(439): Illuminate\\Database\\Migrations\\Migrator->runMethod(Object(Illuminate\\Database\\MySqlConnection), Object(Illuminate\\Database\\Migrations\\Migration@anonymous), 'up')
#11 C:\\xampp\\htdocs\\iq-curd\\crudiq\\vendor\\laravel\\framework\\src\\Illuminate\\Database\\Migrations\\Migrator.php(448): Illuminate\\Database\\Migrations\\Migrator->Illuminate\\Database\\Migrations\\{closure}()
#12 C:\\xampp\\htdocs\\iq-curd\\crudiq\\vendor\\laravel\\framework\\src\\Illuminate\\Database\\Migrations\\Migrator.php(250): Illuminate\\Database\\Migrations\\Migrator->runMigration(Object(Illuminate\\Database\\Migrations\\Migration@anonymous), 'up')
#13 C:\\xampp\\htdocs\\iq-curd\\crudiq\\vendor\\laravel\\framework\\src\\Illuminate\\Console\\View\\Components\\Task.php(41): Illuminate\\Database\\Migrations\\Migrator->Illuminate\\Database\\Migrations\\{closure}()
#14 C:\\xampp\\htdocs\\iq-curd\\crudiq\\vendor\\laravel\\framework\\src\\Illuminate\\Database\\Migrations\\Migrator.php(805): Illuminate\\Console\\View\\Components\\Task->render('2025_04_28_0723...', Object(Closure))
#15 C:\\xampp\\htdocs\\iq-curd\\crudiq\\vendor\\laravel\\framework\\src\\Illuminate\\Database\\Migrations\\Migrator.php(250): Illuminate\\Database\\Migrations\\Migrator->write('Illuminate\\\\Cons...', '2025_04_28_0723...', Object(Closure))
#16 C:\\xampp\\htdocs\\iq-curd\\crudiq\\vendor\\laravel\\framework\\src\\Illuminate\\Database\\Migrations\\Migrator.php(210): Illuminate\\Database\\Migrations\\Migrator->runUp('C:\\\\xampp\\\\htdocs...', 1, false)
#17 C:\\xampp\\htdocs\\iq-curd\\crudiq\\vendor\\laravel\\framework\\src\\Illuminate\\Database\\Migrations\\Migrator.php(137): Illuminate\\Database\\Migrations\\Migrator->runPending(Array, Array)
#18 C:\\xampp\\htdocs\\iq-curd\\crudiq\\vendor\\laravel\\framework\\src\\Illuminate\\Database\\Console\\Migrations\\MigrateCommand.php(116): Illuminate\\Database\\Migrations\\Migrator->run(Array, Array)
#19 C:\\xampp\\htdocs\\iq-curd\\crudiq\\vendor\\laravel\\framework\\src\\Illuminate\\Database\\Migrations\\Migrator.php(665): Illuminate\\Database\\Console\\Migrations\\MigrateCommand->Illuminate\\Database\\Console\\Migrations\\{closure}()
#20 C:\\xampp\\htdocs\\iq-curd\\crudiq\\vendor\\laravel\\framework\\src\\Illuminate\\Database\\Console\\Migrations\\MigrateCommand.php(109): Illuminate\\Database\\Migrations\\Migrator->usingConnection(NULL, Object(Closure))
#21 C:\\xampp\\htdocs\\iq-curd\\crudiq\\vendor\\laravel\\framework\\src\\Illuminate\\Database\\Console\\Migrations\\MigrateCommand.php(88): Illuminate\\Database\\Console\\Migrations\\MigrateCommand->runMigrations()
#22 C:\\xampp\\htdocs\\iq-curd\\crudiq\\vendor\\laravel\\framework\\src\\Illuminate\\Container\\BoundMethod.php(36): Illuminate\\Database\\Console\\Migrations\\MigrateCommand->handle()
#23 C:\\xampp\\htdocs\\iq-curd\\crudiq\\vendor\\laravel\\framework\\src\\Illuminate\\Container\\Util.php(43): Illuminate\\Container\\BoundMethod::Illuminate\\Container\\{closure}()
#24 C:\\xampp\\htdocs\\iq-curd\\crudiq\\vendor\\laravel\\framework\\src\\Illuminate\\Container\\BoundMethod.php(96): Illuminate\\Container\\Util::unwrapIfClosure(Object(Closure))
#25 C:\\xampp\\htdocs\\iq-curd\\crudiq\\vendor\\laravel\\framework\\src\\Illuminate\\Container\\BoundMethod.php(35): Illuminate\\Container\\BoundMethod::callBoundMethod(Object(Illuminate\\Foundation\\Application), Array, Object(Closure))
#26 C:\\xampp\\htdocs\\iq-curd\\crudiq\\vendor\\laravel\\framework\\src\\Illuminate\\Container\\Container.php(754): Illuminate\\Container\\BoundMethod::call(Object(Illuminate\\Foundation\\Application), Array, Array, NULL)
#27 C:\\xampp\\htdocs\\iq-curd\\crudiq\\vendor\\laravel\\framework\\src\\Illuminate\\Console\\Command.php(211): Illuminate\\Container\\Container->call(Array)
#28 C:\\xampp\\htdocs\\iq-curd\\crudiq\\vendor\\symfony\\console\\Command\\Command.php(279): Illuminate\\Console\\Command->execute(Object(Symfony\\Component\\Console\\Input\\ArgvInput), Object(Illuminate\\Console\\OutputStyle))
#29 C:\\xampp\\htdocs\\iq-curd\\crudiq\\vendor\\laravel\\framework\\src\\Illuminate\\Console\\Command.php(180): Symfony\\Component\\Console\\Command\\Command->run(Object(Symfony\\Component\\Console\\Input\\ArgvInput), Object(Illuminate\\Console\\OutputStyle))
#30 C:\\xampp\\htdocs\\iq-curd\\crudiq\\vendor\\symfony\\console\\Application.php(1094): Illuminate\\Console\\Command->run(Object(Symfony\\Component\\Console\\Input\\ArgvInput), Object(Symfony\\Component\\Console\\Output\\ConsoleOutput))
#31 C:\\xampp\\htdocs\\iq-curd\\crudiq\\vendor\\symfony\\console\\Application.php(342): Symfony\\Component\\Console\\Application->doRunCommand(Object(Illuminate\\Database\\Console\\Migrations\\MigrateCommand), Object(Symfony\\Component\\Console\\Input\\ArgvInput), Object(Symfony\\Component\\Console\\Output\\ConsoleOutput))
#32 C:\\xampp\\htdocs\\iq-curd\\crudiq\\vendor\\symfony\\console\\Application.php(193): Symfony\\Component\\Console\\Application->doRun(Object(Symfony\\Component\\Console\\Input\\ArgvInput), Object(Symfony\\Component\\Console\\Output\\ConsoleOutput))
#33 C:\\xampp\\htdocs\\iq-curd\\crudiq\\vendor\\laravel\\framework\\src\\Illuminate\\Foundation\\Console\\Kernel.php(197): Symfony\\Component\\Console\\Application->run(Object(Symfony\\Component\\Console\\Input\\ArgvInput), Object(Symfony\\Component\\Console\\Output\\ConsoleOutput))
#34 C:\\xampp\\htdocs\\iq-curd\\crudiq\\vendor\\laravel\\framework\\src\\Illuminate\\Foundation\\Application.php(1234): Illuminate\\Foundation\\Console\\Kernel->handle(Object(Symfony\\Component\\Console\\Input\\ArgvInput), Object(Symfony\\Component\\Console\\Output\\ConsoleOutput))
#35 C:\\xampp\\htdocs\\iq-curd\\crudiq\\artisan(16): Illuminate\\Foundation\\Application->handleCommand(Object(Symfony\\Component\\Console\\Input\\ArgvInput))
#36 {main}
"} 
